2025-07-10 10:26:16.604 [] [background-preinit] INFO  Version - HV000001: Hibernate Validator 8.0.2.Final
2025-07-10 10:26:16.638 [] [main] INFO  AccountServiceApplication - Starting AccountServiceApplication using Java 21.0.7 with PID 2508 (C:\Users\omera\IdeaProjects\BankProject\account-service\target\classes started by Kadir Can Balıkçı in C:\Users\omera\IdeaProjects\BankProject)
2025-07-10 10:26:16.642 [] [main] INFO  AccountServiceApplication - No active profile set, falling back to 1 default profile: "default"
2025-07-10 10:26:17.094 [] [main] INFO  RepositoryConfigurationDelegate - Multiple Spring Data modules found, entering strict repository configuration mode
2025-07-10 10:26:17.096 [] [main] INFO  RepositoryConfigurationDelegate - Bootstrapping Spring Data Redis repositories in DEFAULT mode.
2025-07-10 10:26:17.126 [] [main] INFO  RepositoryConfigurationDelegate - Finished Spring Data repository scanning in 17 ms. Found 0 Redis repository interfaces.
2025-07-10 10:26:17.523 [] [main] INFO  TomcatWebServer - Tomcat initialized with port 8080 (http)
2025-07-10 10:26:17.537 [] [main] INFO  Http11NioProtocol - Initializing ProtocolHandler ["http-nio-8080"]
2025-07-10 10:26:17.538 [] [main] INFO  StandardService - Starting service [Tomcat]
2025-07-10 10:26:17.538 [] [main] INFO  StandardEngine - Starting Servlet engine: [Apache Tomcat/10.1.42]
2025-07-10 10:26:17.574 [] [main] INFO  [/] - Initializing Spring embedded WebApplicationContext
2025-07-10 10:26:17.574 [] [main] INFO  ServletWebServerApplicationContext - Root WebApplicationContext: initialization completed in 895 ms
2025-07-10 10:26:18.234 [] [main] INFO  Http11NioProtocol - Starting ProtocolHandler ["http-nio-8080"]
2025-07-10 10:26:18.246 [] [main] INFO  TomcatWebServer - Tomcat started on port 8080 (http) with context path '/'
2025-07-10 10:26:18.252 [] [main] INFO  AccountServiceApplication - Started AccountServiceApplication in 1.899 seconds (process running for 2.764)
2025-07-10 10:26:45.454 [] [http-nio-8080-exec-2] INFO  [/] - Initializing Spring DispatcherServlet 'dispatcherServlet'
2025-07-10 10:26:45.454 [] [http-nio-8080-exec-2] INFO  DispatcherServlet - Initializing Servlet 'dispatcherServlet'
2025-07-10 10:26:45.455 [] [http-nio-8080-exec-2] INFO  DispatcherServlet - Completed initialization in 1 ms
2025-07-10 10:26:45.549 [] [http-nio-8080-exec-2] INFO  AccountController - Fetching accounts with filters - page: 0, size: 10, sortField: createdAt, sortDirection: asc
2025-07-10 10:26:45.560 [] [http-nio-8080-exec-2] INFO  AccountController - Users filtered and sorted fetched successfully
2025-07-10 10:26:55.852 [] [SpringApplicationShutdownHook] INFO  GracefulShutdown - Commencing graceful shutdown. Waiting for active requests to complete
2025-07-10 10:26:55.856 [] [tomcat-shutdown] INFO  GracefulShutdown - Graceful shutdown complete
2025-07-10 10:38:27.190 [] [background-preinit] INFO  Version - HV000001: Hibernate Validator 8.0.2.Final
2025-07-10 10:38:27.228 [] [main] INFO  AccountServiceApplication - Starting AccountServiceApplication using Java 21.0.7 with PID 10284 (C:\Users\omera\IdeaProjects\BankProject\account-service\target\classes started by Kadir Can Balıkçı in C:\Users\omera\IdeaProjects\BankProject)
2025-07-10 10:38:27.232 [] [main] INFO  AccountServiceApplication - No active profile set, falling back to 1 default profile: "default"
2025-07-10 10:38:27.717 [] [main] INFO  RepositoryConfigurationDelegate - Multiple Spring Data modules found, entering strict repository configuration mode
2025-07-10 10:38:27.720 [] [main] INFO  RepositoryConfigurationDelegate - Bootstrapping Spring Data Redis repositories in DEFAULT mode.
2025-07-10 10:38:27.750 [] [main] INFO  RepositoryConfigurationDelegate - Finished Spring Data repository scanning in 13 ms. Found 0 Redis repository interfaces.
2025-07-10 10:38:28.144 [] [main] INFO  TomcatWebServer - Tomcat initialized with port 8080 (http)
2025-07-10 10:38:28.154 [] [main] INFO  Http11NioProtocol - Initializing ProtocolHandler ["http-nio-8080"]
2025-07-10 10:38:28.155 [] [main] INFO  StandardService - Starting service [Tomcat]
2025-07-10 10:38:28.156 [] [main] INFO  StandardEngine - Starting Servlet engine: [Apache Tomcat/10.1.42]
2025-07-10 10:38:28.190 [] [main] INFO  [/] - Initializing Spring embedded WebApplicationContext
2025-07-10 10:38:28.191 [] [main] INFO  ServletWebServerApplicationContext - Root WebApplicationContext: initialization completed in 920 ms
2025-07-10 10:38:28.900 [] [main] INFO  Http11NioProtocol - Starting ProtocolHandler ["http-nio-8080"]
2025-07-10 10:38:28.914 [] [main] INFO  TomcatWebServer - Tomcat started on port 8080 (http) with context path '/'
2025-07-10 10:38:28.920 [] [main] INFO  AccountServiceApplication - Started AccountServiceApplication in 2.011 seconds (process running for 2.835)
2025-07-10 10:38:40.592 [] [http-nio-8080-exec-1] INFO  [/] - Initializing Spring DispatcherServlet 'dispatcherServlet'
2025-07-10 10:38:40.592 [] [http-nio-8080-exec-1] INFO  DispatcherServlet - Initializing Servlet 'dispatcherServlet'
2025-07-10 10:38:40.593 [] [http-nio-8080-exec-1] INFO  DispatcherServlet - Completed initialization in 1 ms
2025-07-10 10:38:40.679 [] [http-nio-8080-exec-1] INFO  AccountController - Fetching accounts with filters - page: 0, size: 10, sortField: createdAt, sortDirection: asc
2025-07-10 10:38:40.690 [] [http-nio-8080-exec-1] INFO  AccountController - Users filtered and sorted fetched successfully
2025-07-10 10:38:56.900 [] [http-nio-8080-exec-3] INFO  AccountController - Processing transfer request from 51f42e06-a7e7-49ab-97c1-4811aaac8a0e to 2f81721c-e8ee-415d-8642-fa092fdd8db9, amount: 500.0
2025-07-10 10:38:57.211 [] [http-nio-8080-exec-3] INFO  AccountController - Transfer completed successfully
2025-07-10 10:39:01.463 [] [http-nio-8080-exec-4] INFO  AccountController - Fetching accounts with filters - page: 0, size: 10, sortField: createdAt, sortDirection: asc
2025-07-10 10:39:01.464 [] [http-nio-8080-exec-4] INFO  AccountController - Users filtered and sorted fetched successfully
2025-07-10 10:39:09.632 [] [SpringApplicationShutdownHook] INFO  GracefulShutdown - Commencing graceful shutdown. Waiting for active requests to complete
2025-07-10 10:39:09.635 [] [tomcat-shutdown] INFO  GracefulShutdown - Graceful shutdown complete
